[debug] [2024-04-06T16:05:28.343Z] ----------------------------------------------------------------------
[debug] [2024-04-06T16:05:28.345Z] Command:       C:\Program Files\nodejs\node.exe C:\Users\mrche\AppData\Roaming\npm\node_modules\firebase-tools\lib\bin\firebase.js init
[debug] [2024-04-06T16:05:28.345Z] CLI Version:   13.7.1
[debug] [2024-04-06T16:05:28.345Z] Platform:      win32
[debug] [2024-04-06T16:05:28.345Z] Node Version:  v20.12.1
[debug] [2024-04-06T16:05:28.346Z] Time:          Sat Apr 06 2024 17:05:28 GMT+0100 (British Summer Time)
[debug] [2024-04-06T16:05:28.346Z] ----------------------------------------------------------------------
[debug] 
[debug] [2024-04-06T16:05:28.415Z] > command requires scopes: ["email","openid","https://www.googleapis.com/auth/cloudplatformprojects.readonly","https://www.googleapis.com/auth/firebase","https://www.googleapis.com/auth/cloud-platform"]
[debug] [2024-04-06T16:05:28.416Z] > authorizing via signed-in user (mrdaigon@gmail.com)
[info] 
     ######## #### ########  ######## ########     ###     ######  ########
     ##        ##  ##     ## ##       ##     ##  ##   ##  ##       ##
     ######    ##  ########  ######   ########  #########  ######  ######
     ##        ##  ##    ##  ##       ##     ## ##     ##       ## ##
     ##       #### ##     ## ######## ########  ##     ##  ######  ########

You're about to initialize a Firebase project in this directory:

  C:\Users\mrche\Desktop\2117_infinite_loop\2117_infinite_loop

Before we get started, keep in mind:

  * You are initializing within an existing Firebase project directory

[info] 
=== Project Setup
[info] 
[info] First, let's associate this project directory with a Firebase project.
[info] You can create multiple project aliases by running firebase use --add, 
[info] but for now we'll just set up a default project.
[info] 
[debug] [2024-04-06T16:05:41.170Z] Using project from CLI flag: testapp-962af
[debug] [2024-04-06T16:05:41.172Z] >>> [apiv2][query] GET https://firebase.googleapis.com/v1beta1/projects/testapp-962af [none]
[debug] [2024-04-06T16:05:41.459Z] <<< [apiv2][status] GET https://firebase.googleapis.com/v1beta1/projects/testapp-962af 200
[debug] [2024-04-06T16:05:41.459Z] <<< [apiv2][body] GET https://firebase.googleapis.com/v1beta1/projects/testapp-962af {"projectId":"testapp-962af","projectNumber":"836850676339","displayName":"testapp","name":"projects/testapp-962af","resources":{"hostingSite":"testapp-962af","realtimeDatabaseInstance":"testapp-962af-default-rtdb"},"state":"ACTIVE","etag":"1_e61d2a51-6ea3-4941-bd1d-686b4028e2ca"}
[info] i  Using project testapp-962af (testapp) 
[info] 
=== Hosting Setup
[debug] [2024-04-06T16:05:41.462Z] >>> [apiv2][query] GET https://firebase.googleapis.com/v1beta1/projects/testapp-962af [none]
[debug] [2024-04-06T16:05:41.667Z] <<< [apiv2][status] GET https://firebase.googleapis.com/v1beta1/projects/testapp-962af 200
[debug] [2024-04-06T16:05:41.668Z] <<< [apiv2][body] GET https://firebase.googleapis.com/v1beta1/projects/testapp-962af {"projectId":"testapp-962af","projectNumber":"836850676339","displayName":"testapp","name":"projects/testapp-962af","resources":{"hostingSite":"testapp-962af","realtimeDatabaseInstance":"testapp-962af-default-rtdb"},"state":"ACTIVE","etag":"1_e61d2a51-6ea3-4941-bd1d-686b4028e2ca"}
[info] 
[info] Your public directory is the folder (relative to your project directory) that
[info] will contain Hosting assets to be uploaded with firebase deploy. If you
[info] have a build process for your assets, use your build's output directory.
[info] 
[debug] [2024-04-06T16:05:57.246Z] >>> [apiv2][query] GET https://www.gstatic.com/firebasejs/releases.json [none]
[debug] [2024-04-06T16:05:57.305Z] <<< [apiv2][status] GET https://www.gstatic.com/firebasejs/releases.json 200
[debug] [2024-04-06T16:05:57.305Z] <<< [apiv2][body] GET https://www.gstatic.com/firebasejs/releases.json {"current":{"version":"10.10.0","browserURL":"https://www.gstatic.com/firebasejs/10.10.0/firebase.js","packageURL":"https://www.gstatic.com/firebasejs/10.10.0/firebase.tgz"},"live":{"version":"10.10","browserURL":"https://www.gstatic.com/firebasejs/live/10.10/firebase.js","packageURL":"https://www.gstatic.com/firebasejs/live/10.10/firebase.tgz"},"components":{"analytics":"https://www.gstatic.com/firebasejs/10.10.0/firebase-analytics.js","app":"https://www.gstatic.com/firebasejs/10.10.0/firebase-app.js","app-check":"https://www.gstatic.com/firebasejs/10.10.0/firebase-app-check.js","auth":"https://www.gstatic.com/firebasejs/10.10.0/firebase-auth.js","auth/cordova":"https://www.gstatic.com/firebasejs/10.10.0/firebase-auth/cordova.js","auth/web-extension":"https://www.gstatic.com/firebasejs/10.10.0/firebase-auth/web-extension.js","functions":"https://www.gstatic.com/firebasejs/10.10.0/firebase-functions.js","firestore":"https://www.gstatic.com/firebasejs/10.10.0/firebase-firestore.js","firestore/lite":"https://www.gstatic.com/firebasejs/10.10.0/firebase-firestore/lite.js","installations":"https://www.gstatic.com/firebasejs/10.10.0/firebase-installations.js","storage":"https://www.gstatic.com/firebasejs/10.10.0/firebase-storage.js","performance":"https://www.gstatic.com/firebasejs/10.10.0/firebase-performance.js","remote-config":"https://www.gstatic.com/firebasejs/10.10.0/firebase-remote-config.js","messaging":"https://www.gstatic.com/firebasejs/10.10.0/firebase-messaging.js","messaging/sw":"https://www.gstatic.com/firebasejs/10.10.0/firebase-messaging/sw.js","database":"https://www.gstatic.com/firebasejs/10.10.0/firebase-database.js","firestore.memory":"https://www.gstatic.com/firebasejs/10.10.0/firebase-firestore.memory.js"}}
[info] +  Wrote public/index.html 
[info] 
[info] i  Didn't detect a .git folder. Assuming C:\Users\mrche\Desktop\2117_infinite_loop\2117_infinite_loop is the project root. 
[info] i  Authorizing with GitHub to upload your service account to a GitHub repository's secrets store. 
[info] 
[info] Visit this URL on this device to log in:
[info] https://github.com/login/oauth/authorize?client_id=89cf50f02ac6aaed3484&state=182843495&redirect_uri=http%3A%2F%2Flocalhost%3A9005&scope=read%3Auser%20repo%20public_repo
[info] 
[info] Waiting for authentication...
[debug] [2024-04-06T16:07:34.767Z] >>> [apiv2][query] POST https://github.com/login/oauth/access_token [none]
[debug] [2024-04-06T16:07:34.767Z] >>> [apiv2][body] POST https://github.com/login/oauth/access_token [stream]
[debug] [2024-04-06T16:07:35.077Z] <<< [apiv2][status] POST https://github.com/login/oauth/access_token 200
[debug] [2024-04-06T16:07:35.077Z] <<< [apiv2][body] POST https://github.com/login/oauth/access_token {"access_token":"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","token_type":"bearer","scope":"read:user,repo"}
[debug] [2024-04-06T16:07:35.081Z] >>> [apiv2][query] GET https://api.github.com/user [none]
[debug] [2024-04-06T16:07:35.461Z] <<< [apiv2][status] GET https://api.github.com/user 200
[debug] [2024-04-06T16:07:35.461Z] <<< [apiv2][body] GET https://api.github.com/user {"login":"QuackIdentity","id":136766929,"node_id":"U_kgDOCCbl0Q","avatar_url":"https://avatars.githubusercontent.com/u/136766929?v=4","gravatar_id":"","url":"https://api.github.com/users/QuackIdentity","html_url":"https://github.com/QuackIdentity","followers_url":"https://api.github.com/users/QuackIdentity/followers","following_url":"https://api.github.com/users/QuackIdentity/following{/other_user}","gists_url":"https://api.github.com/users/QuackIdentity/gists{/gist_id}","starred_url":"https://api.github.com/users/QuackIdentity/starred{/owner}{/repo}","subscriptions_url":"https://api.github.com/users/QuackIdentity/subscriptions","organizations_url":"https://api.github.com/users/QuackIdentity/orgs","repos_url":"https://api.github.com/users/QuackIdentity/repos","events_url":"https://api.github.com/users/QuackIdentity/events{/privacy}","received_events_url":"https://api.github.com/users/QuackIdentity/received_events","type":"User","site_admin":false,"name":null,"company":null,"blog":"","location":null,"email":null,"hireable":null,"bio":null,"twitter_username":null,"public_repos":2,"public_gists":0,"followers":0,"following":0,"created_at":"2023-06-16T00:34:06Z","updated_at":"2023-09-27T11:42:10Z","private_gists":0,"total_private_repos":8,"owned_private_repos":8,"disk_usage":8448,"collaborators":0,"two_factor_authentication":false,"plan":{"name":"free","space":976562499,"collaborators":0,"private_repos":10000}}
[info] 
[info] +  Success! Logged into GitHub as QuackIdentity 
[info] 
[debug] [2024-04-06T16:07:44.109Z] >>> [apiv2][query] GET https://api.github.com/repos//actions/secrets/public-key type=owner
[debug] [2024-04-06T16:07:44.311Z] <<< [apiv2][status] GET https://api.github.com/repos//actions/secrets/public-key 404
[debug] [2024-04-06T16:07:44.311Z] <<< [apiv2][body] GET https://api.github.com/repos//actions/secrets/public-key {"message":"Not Found","documentation_url":"https://docs.github.com/rest"}
[info] 
[info] 
[error] !  The provided authorization cannot be used with this repository. If this repository is in an organization, did you remember to grant access? 
[info] 
[info] i  Action required: Visit this URL to ensure access has been granted to the appropriate organization(s) for the Firebase CLI GitHub OAuth App: 
[info] https://github.com/settings/connections/applications/89cf50f02ac6aaed3484
[info] 
